<?xml version="1.0" encoding="UTF-8"?>
<testsuite xmlns:xsi="http://www.w3.org/2001/XMLSchema-instance" xsi:noNamespaceSchemaLocation="https://maven.apache.org/surefire/maven-surefire-plugin/xsd/surefire-test-report-3.0.xsd" version="3.0" name="com.github.marioczpn.kafka.streams.KafkaStreamsIntegrationTest" time="5.917" tests="2" errors="0" skipped="0" failures="0">
  <properties>
    <property name="awt.toolkit" value="sun.lwawt.macosx.LWCToolkit"/>
    <property name="java.specification.version" value="12"/>
    <property name="sun.jnu.encoding" value="UTF-8"/>
    <property name="java.class.path" value="/Users/mariocp/git/redhat/kafka-streams-integration-test-app/target/test-classes:/Users/mariocp/git/redhat/kafka-streams-integration-test-app/target/classes:/Users/mariocp/.m2/repository/org/slf4j/slf4j-simple/1.7.25/slf4j-simple-1.7.25.jar:/Users/mariocp/.m2/repository/org/slf4j/slf4j-api/1.7.25/slf4j-api-1.7.25.jar:/Users/mariocp/.m2/repository/org/hamcrest/hamcrest-library/1.3/hamcrest-library-1.3.jar:/Users/mariocp/.m2/repository/org/hamcrest/hamcrest-core/1.3/hamcrest-core-1.3.jar:/Users/mariocp/.m2/repository/org/apache/kafka/kafka-streams-test-utils/2.6.0/kafka-streams-test-utils-2.6.0.jar:/Users/mariocp/.m2/repository/org/apache/kafka/kafka-clients/2.6.0/kafka-clients-2.6.0.jar:/Users/mariocp/.m2/repository/org/apache/kafka/kafka-clients/2.6.0/kafka-clients-2.6.0-test.jar:/Users/mariocp/.m2/repository/com/github/luben/zstd-jni/1.4.4-7/zstd-jni-1.4.4-7.jar:/Users/mariocp/.m2/repository/org/lz4/lz4-java/1.7.1/lz4-java-1.7.1.jar:/Users/mariocp/.m2/repository/org/xerial/snappy/snappy-java/1.1.7.3/snappy-java-1.1.7.3.jar:/Users/mariocp/.m2/repository/org/apache/kafka/kafka-streams/2.6.0/kafka-streams-2.6.0-test.jar:/Users/mariocp/.m2/repository/org/apache/kafka/connect-json/2.6.0/connect-json-2.6.0.jar:/Users/mariocp/.m2/repository/org/apache/kafka/connect-api/2.6.0/connect-api-2.6.0.jar:/Users/mariocp/.m2/repository/com/fasterxml/jackson/core/jackson-databind/2.10.2/jackson-databind-2.10.2.jar:/Users/mariocp/.m2/repository/com/fasterxml/jackson/core/jackson-annotations/2.10.2/jackson-annotations-2.10.2.jar:/Users/mariocp/.m2/repository/com/fasterxml/jackson/core/jackson-core/2.10.2/jackson-core-2.10.2.jar:/Users/mariocp/.m2/repository/com/fasterxml/jackson/datatype/jackson-datatype-jdk8/2.10.2/jackson-datatype-jdk8-2.10.2.jar:/Users/mariocp/.m2/repository/org/rocksdb/rocksdbjni/5.18.4/rocksdbjni-5.18.4.jar:/Users/mariocp/.m2/repository/org/junit/jupiter/junit-jupiter-api/5.6.2/junit-jupiter-api-5.6.2.jar:/Users/mariocp/.m2/repository/org/apiguardian/apiguardian-api/1.1.0/apiguardian-api-1.1.0.jar:/Users/mariocp/.m2/repository/org/opentest4j/opentest4j/1.2.0/opentest4j-1.2.0.jar:/Users/mariocp/.m2/repository/org/junit/platform/junit-platform-commons/1.6.2/junit-platform-commons-1.6.2.jar:/Users/mariocp/.m2/repository/org/apache/kafka/kafka-streams/2.6.0/kafka-streams-2.6.0.jar:/Users/mariocp/.m2/repository/commons-codec/commons-codec/1.15/commons-codec-1.15.jar:"/>
    <property name="java.vm.vendor" value="Oracle Corporation"/>
    <property name="sun.arch.data.model" value="64"/>
    <property name="java.vendor.url" value="https://java.oracle.com/"/>
    <property name="os.name" value="Mac OS X"/>
    <property name="java.vm.specification.version" value="12"/>
    <property name="sun.java.launcher" value="SUN_STANDARD"/>
    <property name="user.country" value="US"/>
    <property name="sun.boot.library.path" value="/Library/Java/JavaVirtualMachines/jdk-12.0.2.jdk/Contents/Home/lib"/>
    <property name="sun.java.command" value="/Users/mariocp/git/redhat/kafka-streams-integration-test-app/target/surefire/surefirebooter1399674667459596848.jar /Users/mariocp/git/redhat/kafka-streams-integration-test-app/target/surefire 2020-11-27T15-00-10_227-jvmRun1 surefire7269793777001973636tmp surefire_111270580170299493882tmp"/>
    <property name="http.nonProxyHosts" value="local|*.local|169.254/16|*.169.254/16"/>
    <property name="jdk.debug" value="release"/>
    <property name="surefire.test.class.path" value="/Users/mariocp/git/redhat/kafka-streams-integration-test-app/target/test-classes:/Users/mariocp/git/redhat/kafka-streams-integration-test-app/target/classes:/Users/mariocp/.m2/repository/org/slf4j/slf4j-simple/1.7.25/slf4j-simple-1.7.25.jar:/Users/mariocp/.m2/repository/org/slf4j/slf4j-api/1.7.25/slf4j-api-1.7.25.jar:/Users/mariocp/.m2/repository/org/hamcrest/hamcrest-library/1.3/hamcrest-library-1.3.jar:/Users/mariocp/.m2/repository/org/hamcrest/hamcrest-core/1.3/hamcrest-core-1.3.jar:/Users/mariocp/.m2/repository/org/apache/kafka/kafka-streams-test-utils/2.6.0/kafka-streams-test-utils-2.6.0.jar:/Users/mariocp/.m2/repository/org/apache/kafka/kafka-clients/2.6.0/kafka-clients-2.6.0.jar:/Users/mariocp/.m2/repository/org/apache/kafka/kafka-clients/2.6.0/kafka-clients-2.6.0-test.jar:/Users/mariocp/.m2/repository/com/github/luben/zstd-jni/1.4.4-7/zstd-jni-1.4.4-7.jar:/Users/mariocp/.m2/repository/org/lz4/lz4-java/1.7.1/lz4-java-1.7.1.jar:/Users/mariocp/.m2/repository/org/xerial/snappy/snappy-java/1.1.7.3/snappy-java-1.1.7.3.jar:/Users/mariocp/.m2/repository/org/apache/kafka/kafka-streams/2.6.0/kafka-streams-2.6.0-test.jar:/Users/mariocp/.m2/repository/org/apache/kafka/connect-json/2.6.0/connect-json-2.6.0.jar:/Users/mariocp/.m2/repository/org/apache/kafka/connect-api/2.6.0/connect-api-2.6.0.jar:/Users/mariocp/.m2/repository/com/fasterxml/jackson/core/jackson-databind/2.10.2/jackson-databind-2.10.2.jar:/Users/mariocp/.m2/repository/com/fasterxml/jackson/core/jackson-annotations/2.10.2/jackson-annotations-2.10.2.jar:/Users/mariocp/.m2/repository/com/fasterxml/jackson/core/jackson-core/2.10.2/jackson-core-2.10.2.jar:/Users/mariocp/.m2/repository/com/fasterxml/jackson/datatype/jackson-datatype-jdk8/2.10.2/jackson-datatype-jdk8-2.10.2.jar:/Users/mariocp/.m2/repository/org/rocksdb/rocksdbjni/5.18.4/rocksdbjni-5.18.4.jar:/Users/mariocp/.m2/repository/org/junit/jupiter/junit-jupiter-api/5.6.2/junit-jupiter-api-5.6.2.jar:/Users/mariocp/.m2/repository/org/apiguardian/apiguardian-api/1.1.0/apiguardian-api-1.1.0.jar:/Users/mariocp/.m2/repository/org/opentest4j/opentest4j/1.2.0/opentest4j-1.2.0.jar:/Users/mariocp/.m2/repository/org/junit/platform/junit-platform-commons/1.6.2/junit-platform-commons-1.6.2.jar:/Users/mariocp/.m2/repository/org/apache/kafka/kafka-streams/2.6.0/kafka-streams-2.6.0.jar:/Users/mariocp/.m2/repository/commons-codec/commons-codec/1.15/commons-codec-1.15.jar:"/>
    <property name="sun.cpu.endian" value="little"/>
    <property name="user.home" value="/Users/mariocp"/>
    <property name="user.language" value="en"/>
    <property name="java.specification.vendor" value="Oracle Corporation"/>
    <property name="java.version.date" value="2019-07-16"/>
    <property name="java.home" value="/Library/Java/JavaVirtualMachines/jdk-12.0.2.jdk/Contents/Home"/>
    <property name="file.separator" value="/"/>
    <property name="basedir" value="/Users/mariocp/git/redhat/kafka-streams-integration-test-app"/>
    <property name="java.vm.compressedOopsMode" value="Zero based"/>
    <property name="line.separator" value="&#10;"/>
    <property name="java.specification.name" value="Java Platform API Specification"/>
    <property name="java.vm.specification.vendor" value="Oracle Corporation"/>
    <property name="java.awt.graphicsenv" value="sun.awt.CGraphicsEnvironment"/>
    <property name="surefire.real.class.path" value="/Users/mariocp/git/redhat/kafka-streams-integration-test-app/target/surefire/surefirebooter1399674667459596848.jar"/>
    <property name="sun.management.compiler" value="HotSpot 64-Bit Tiered Compilers"/>
    <property name="ftp.nonProxyHosts" value="local|*.local|169.254/16|*.169.254/16"/>
    <property name="java.runtime.version" value="12.0.2+10"/>
    <property name="user.name" value="mariocp"/>
    <property name="path.separator" value=":"/>
    <property name="os.version" value="10.16"/>
    <property name="java.runtime.name" value="Java(TM) SE Runtime Environment"/>
    <property name="file.encoding" value="UTF-8"/>
    <property name="java.vm.name" value="Java HotSpot(TM) 64-Bit Server VM"/>
    <property name="localRepository" value="/Users/mariocp/.m2/repository"/>
    <property name="java.vendor.url.bug" value="https://bugreport.java.com/bugreport/"/>
    <property name="java.io.tmpdir" value="/var/folders/7g/fvdb2mbj0hsgcg832p56l75m0000gn/T/"/>
    <property name="java.version" value="12.0.2"/>
    <property name="user.dir" value="/Users/mariocp/git/redhat/kafka-streams-integration-test-app"/>
    <property name="os.arch" value="x86_64"/>
    <property name="java.vm.specification.name" value="Java Virtual Machine Specification"/>
    <property name="java.library.path" value="/Users/mariocp/Library/Java/Extensions:/Library/Java/Extensions:/Network/Library/Java/Extensions:/System/Library/Java/Extensions:/usr/lib/java:."/>
    <property name="java.vm.info" value="mixed mode, sharing"/>
    <property name="java.vendor" value="Oracle Corporation"/>
    <property name="java.vm.version" value="12.0.2+10"/>
    <property name="sun.io.unicode.encoding" value="UnicodeBig"/>
    <property name="socksNonProxyHosts" value="local|*.local|169.254/16|*.169.254/16"/>
    <property name="java.class.version" value="56.0"/>
  </properties>
  <testcase name="testProduceCommonMessageToKafkaBroker" classname="com.github.marioczpn.kafka.streams.KafkaStreamsIntegrationTest" time="1.077">
    <system-err><![CDATA[[main] INFO com.github.marioczpn.kafka.streams.helper.FileHelper - Loading the config.properties information... 
[main] INFO com.github.marioczpn.kafka.streams.helper.FileHelper - Looking into the config file... 
[main] INFO com.github.marioczpn.kafka.streams.helper.FileHelper - Setting EXTERNAL config file sent by argument: config/config.properties
[main] INFO com.github.marioczpn.kafka.streams.helper.FileHelper - Ends.
[main] INFO com.github.marioczpn.kafka.streams.KafkaStreamsIntegrationTest - Executing .testProduceCommonMessageToKafkaBroker() - Producing a msg to Kafka Broker
[main] INFO org.apache.kafka.clients.producer.ProducerConfig - ProducerConfig values: 
	acks = 1
	batch.size = 16384
	bootstrap.servers = [192.168.0.108:9092]
	buffer.memory = 33554432
	client.dns.lookup = use_all_dns_ips
	client.id = streams-convert-base64-project-client
	compression.type = none
	connections.max.idle.ms = 540000
	delivery.timeout.ms = 120000
	enable.idempotence = false
	interceptor.classes = []
	internal.auto.downgrade.txn.commit = false
	key.serializer = class org.apache.kafka.common.serialization.StringSerializer
	linger.ms = 0
	max.block.ms = 60000
	max.in.flight.requests.per.connection = 5
	max.request.size = 1048576
	metadata.max.age.ms = 300000
	metadata.max.idle.ms = 300000
	metric.reporters = []
	metrics.num.samples = 2
	metrics.recording.level = INFO
	metrics.sample.window.ms = 30000
	partitioner.class = class org.apache.kafka.clients.producer.internals.DefaultPartitioner
	receive.buffer.bytes = 32768
	reconnect.backoff.max.ms = 1000
	reconnect.backoff.ms = 50
	request.timeout.ms = 30000
	retries = 2147483647
	retry.backoff.ms = 100
	sasl.client.callback.handler.class = null
	sasl.jaas.config = null
	sasl.kerberos.kinit.cmd = /usr/bin/kinit
	sasl.kerberos.min.time.before.relogin = 60000
	sasl.kerberos.service.name = null
	sasl.kerberos.ticket.renew.jitter = 0.05
	sasl.kerberos.ticket.renew.window.factor = 0.8
	sasl.login.callback.handler.class = null
	sasl.login.class = null
	sasl.login.refresh.buffer.seconds = 300
	sasl.login.refresh.min.period.seconds = 60
	sasl.login.refresh.window.factor = 0.8
	sasl.login.refresh.window.jitter = 0.05
	sasl.mechanism = GSSAPI
	security.protocol = PLAINTEXT
	security.providers = null
	send.buffer.bytes = 131072
	ssl.cipher.suites = null
	ssl.enabled.protocols = [TLSv1.2, TLSv1.3]
	ssl.endpoint.identification.algorithm = https
	ssl.engine.factory.class = null
	ssl.key.password = null
	ssl.keymanager.algorithm = SunX509
	ssl.keystore.location = null
	ssl.keystore.password = null
	ssl.keystore.type = JKS
	ssl.protocol = TLSv1.3
	ssl.provider = null
	ssl.secure.random.implementation = null
	ssl.trustmanager.algorithm = PKIX
	ssl.truststore.location = null
	ssl.truststore.password = null
	ssl.truststore.type = JKS
	transaction.timeout.ms = 60000
	transactional.id = null
	value.serializer = class org.apache.kafka.common.serialization.StringSerializer

[main] INFO org.apache.kafka.common.utils.AppInfoParser - Kafka version: 2.6.0
[main] INFO org.apache.kafka.common.utils.AppInfoParser - Kafka commitId: 62abe01bee039651
[main] INFO org.apache.kafka.common.utils.AppInfoParser - Kafka startTimeMs: 1606496419743
[kafka-producer-network-thread | streams-convert-base64-project-client] INFO org.apache.kafka.clients.Metadata - [Producer clientId=streams-convert-base64-project-client] Cluster ID: YTiAgbEdTy--KtjXrttuoA
[main] INFO com.github.marioczpn.kafka.streams.KafkaStreamsIntegrationTest - Record sent: 
Topic:input-topic
Partition: 0
Offset: 140
Timestamp: 1606496420316
[main] INFO org.apache.kafka.clients.producer.KafkaProducer - [Producer clientId=streams-convert-base64-project-client] Closing the Kafka producer with timeoutMillis = 9223372036854775807 ms.
]]></system-err>
  </testcase>
  <testcase name="testKafkaConsumeMsgInBase64Format" classname="com.github.marioczpn.kafka.streams.KafkaStreamsIntegrationTest" time="4.721">
    <system-err><![CDATA[[main] INFO com.github.marioczpn.kafka.streams.helper.FileHelper - Loading the config.properties information... 
[main] INFO com.github.marioczpn.kafka.streams.helper.FileHelper - Looking into the config file... 
[main] INFO com.github.marioczpn.kafka.streams.helper.FileHelper - Setting EXTERNAL config file sent by argument: config/config.properties
[main] INFO com.github.marioczpn.kafka.streams.helper.FileHelper - Ends.
[main] INFO com.github.marioczpn.kafka.streams.KafkaStreamsIntegrationTest - Executing .testKafkaConsumeMsgInBase64Format() - Consuming an *encoded* message from Kafka Broker
[main] INFO org.apache.kafka.clients.consumer.ConsumerConfig - ConsumerConfig values: 
	allow.auto.create.topics = true
	auto.commit.interval.ms = 5000
	auto.offset.reset = earliest
	bootstrap.servers = [192.168.0.108:9092]
	check.crcs = true
	client.dns.lookup = use_all_dns_ips
	client.id = consumer-streams-convert-base64-project-client-1
	client.rack = 
	connections.max.idle.ms = 540000
	default.api.timeout.ms = 60000
	enable.auto.commit = true
	exclude.internal.topics = true
	fetch.max.bytes = 52428800
	fetch.max.wait.ms = 500
	fetch.min.bytes = 1
	group.id = streams-convert-base64-project-client
	group.instance.id = null
	heartbeat.interval.ms = 3000
	interceptor.classes = []
	internal.leave.group.on.close = true
	internal.throw.on.fetch.stable.offset.unsupported = false
	isolation.level = read_uncommitted
	key.deserializer = class org.apache.kafka.common.serialization.StringDeserializer
	max.partition.fetch.bytes = 1048576
	max.poll.interval.ms = 300000
	max.poll.records = 1
	metadata.max.age.ms = 300000
	metric.reporters = []
	metrics.num.samples = 2
	metrics.recording.level = INFO
	metrics.sample.window.ms = 30000
	partition.assignment.strategy = [class org.apache.kafka.clients.consumer.RangeAssignor]
	receive.buffer.bytes = 65536
	reconnect.backoff.max.ms = 1000
	reconnect.backoff.ms = 50
	request.timeout.ms = 30000
	retry.backoff.ms = 100
	sasl.client.callback.handler.class = null
	sasl.jaas.config = null
	sasl.kerberos.kinit.cmd = /usr/bin/kinit
	sasl.kerberos.min.time.before.relogin = 60000
	sasl.kerberos.service.name = null
	sasl.kerberos.ticket.renew.jitter = 0.05
	sasl.kerberos.ticket.renew.window.factor = 0.8
	sasl.login.callback.handler.class = null
	sasl.login.class = null
	sasl.login.refresh.buffer.seconds = 300
	sasl.login.refresh.min.period.seconds = 60
	sasl.login.refresh.window.factor = 0.8
	sasl.login.refresh.window.jitter = 0.05
	sasl.mechanism = GSSAPI
	security.protocol = PLAINTEXT
	security.providers = null
	send.buffer.bytes = 131072
	session.timeout.ms = 10000
	ssl.cipher.suites = null
	ssl.enabled.protocols = [TLSv1.2, TLSv1.3]
	ssl.endpoint.identification.algorithm = https
	ssl.engine.factory.class = null
	ssl.key.password = null
	ssl.keymanager.algorithm = SunX509
	ssl.keystore.location = null
	ssl.keystore.password = null
	ssl.keystore.type = JKS
	ssl.protocol = TLSv1.3
	ssl.provider = null
	ssl.secure.random.implementation = null
	ssl.trustmanager.algorithm = PKIX
	ssl.truststore.location = null
	ssl.truststore.password = null
	ssl.truststore.type = JKS
	value.deserializer = class org.apache.kafka.common.serialization.StringDeserializer

[main] INFO org.apache.kafka.common.utils.AppInfoParser - Kafka version: 2.6.0
[main] INFO org.apache.kafka.common.utils.AppInfoParser - Kafka commitId: 62abe01bee039651
[main] INFO org.apache.kafka.common.utils.AppInfoParser - Kafka startTimeMs: 1606496420592
[main] INFO org.apache.kafka.clients.consumer.KafkaConsumer - [Consumer clientId=consumer-streams-convert-base64-project-client-1, groupId=streams-convert-base64-project-client] Subscribed to topic(s): streams-output-topic
[main] INFO org.apache.kafka.clients.Metadata - [Consumer clientId=consumer-streams-convert-base64-project-client-1, groupId=streams-convert-base64-project-client] Cluster ID: YTiAgbEdTy--KtjXrttuoA
[main] INFO org.apache.kafka.clients.consumer.internals.AbstractCoordinator - [Consumer clientId=consumer-streams-convert-base64-project-client-1, groupId=streams-convert-base64-project-client] Discovered group coordinator 192.168.0.108:9092 (id: 2147483647 rack: null)
[main] INFO org.apache.kafka.clients.consumer.internals.AbstractCoordinator - [Consumer clientId=consumer-streams-convert-base64-project-client-1, groupId=streams-convert-base64-project-client] (Re-)joining group
[main] INFO org.apache.kafka.clients.consumer.internals.AbstractCoordinator - [Consumer clientId=consumer-streams-convert-base64-project-client-1, groupId=streams-convert-base64-project-client] Join group failed with org.apache.kafka.common.errors.MemberIdRequiredException: The group member needs to have a valid member id before actually entering a consumer group.
[main] INFO org.apache.kafka.clients.consumer.internals.AbstractCoordinator - [Consumer clientId=consumer-streams-convert-base64-project-client-1, groupId=streams-convert-base64-project-client] (Re-)joining group
[main] INFO org.apache.kafka.clients.consumer.internals.ConsumerCoordinator - [Consumer clientId=consumer-streams-convert-base64-project-client-1, groupId=streams-convert-base64-project-client] Finished assignment for group at generation 4: {consumer-streams-convert-base64-project-client-1-f161f0c8-3129-4be0-9b62-264edcbc7d57=Assignment(partitions=[streams-output-topic-0])}
[main] INFO org.apache.kafka.clients.consumer.internals.AbstractCoordinator - [Consumer clientId=consumer-streams-convert-base64-project-client-1, groupId=streams-convert-base64-project-client] Successfully joined group with generation 4
[main] INFO org.apache.kafka.clients.consumer.internals.ConsumerCoordinator - [Consumer clientId=consumer-streams-convert-base64-project-client-1, groupId=streams-convert-base64-project-client] Notifying assignor about the new Assignment(partitions=[streams-output-topic-0])
[main] INFO org.apache.kafka.clients.consumer.internals.ConsumerCoordinator - [Consumer clientId=consumer-streams-convert-base64-project-client-1, groupId=streams-convert-base64-project-client] Adding newly assigned partitions: streams-output-topic-0
[main] INFO org.apache.kafka.clients.consumer.internals.ConsumerCoordinator - [Consumer clientId=consumer-streams-convert-base64-project-client-1, groupId=streams-convert-base64-project-client] Found no committed offset for partition streams-output-topic-0
[main] INFO org.apache.kafka.clients.consumer.internals.SubscriptionState - [Consumer clientId=consumer-streams-convert-base64-project-client-1, groupId=streams-convert-base64-project-client] Resetting offset for partition streams-output-topic-0 to offset 0.
[main] INFO com.github.marioczpn.kafka.streams.helper.ConsumerCreatorHelper - Topic: streams-output-topicRecord data: streams-output-topic-0
[main] INFO com.github.marioczpn.kafka.streams.helper.ConsumerCreatorHelper - offset: 118
[main] INFO org.apache.kafka.clients.consumer.KafkaConsumer - [Consumer clientId=consumer-streams-convert-base64-project-client-1, groupId=streams-convert-base64-project-client] Seeking to offset 117 for partition streams-output-topic-0
]]></system-err>
  </testcase>
</testsuite>